<?xml version="1.0" encoding="UTF-8"?>
<!-- Generated by org.testng.reporters.JUnitXMLReporter -->
<testsuite ignored="0" hostname="LAPTOP-9J4F8J8P" failures="1" tests="1" name="Surefire test" time="2.072" errors="0" timestamp="2026-08-15T18:10:54 IST">
  <testcase classname="org.example.SampleTest" name="verifyTitle" time="0.163">
    <failure type="java.lang.AssertionError">
      <![CDATA[java.lang.AssertionError
at org.example.SampleTest.verifyTitle(SampleTest.java:27)
at java.base/java.util.ArrayList.forEach(ArrayList.java:1596)
... Removed 30 stack frames]]>
    </failure>
  </testcase> <!-- verifyTitle -->
</testsuite> <!-- Surefire test -->
